<?xml version="1.0" encoding="UTF-8" ?>
<testsuite tests="99" failures="0" name="com.google.gson.functional.PrimitiveTest" time="0.013" errors="0" skipped="0">
  <properties>
    <property name="java.runtime.name" value="Java(TM) SE Runtime Environment"/>
    <property name="java.vm.version" value="13.0.2+8"/>
    <property name="sun.boot.library.path" value="/usr/lib/jvm/java-13-oracle/lib"/>
    <property name="maven.multiModuleProjectDirectory" value="/home/cesarsv/Documents/papers/2020_papers/jdbl/jdbl-maven-plugin/src/it/gson"/>
    <property name="java.vm.vendor" value="Oracle Corporation"/>
    <property name="java.vendor.url" value="https://java.oracle.com/"/>
    <property name="guice.disable.misplaced.annotation.check" value="true"/>
    <property name="path.separator" value=":"/>
    <property name="java.vm.name" value="Java HotSpot(TM) 64-Bit Server VM"/>
    <property name="user.country" value="US"/>
    <property name="sun.java.launcher" value="SUN_STANDARD"/>
    <property name="java.vm.specification.name" value="Java Virtual Machine Specification"/>
    <property name="user.dir" value="/home/cesarsv/Documents/papers/2020_papers/jdbl/jdbl-maven-plugin/src/it/gson"/>
    <property name="java.vm.compressedOopsMode" value="Zero based"/>
    <property name="java.runtime.version" value="13.0.2+8"/>
    <property name="os.arch" value="amd64"/>
    <property name="java.io.tmpdir" value="/tmp"/>
    <property name="line.separator" value="
"/>
    <property name="java.vm.specification.vendor" value="Oracle Corporation"/>
    <property name="os.name" value="Linux"/>
    <property name="classworlds.conf" value="/usr/share/maven/bin/m2.conf"/>
    <property name="sun.jnu.encoding" value="UTF-8"/>
    <property name="java.library.path" value="/usr/java/packages/lib:/usr/lib64:/lib64:/lib:/usr/lib"/>
    <property name="maven.conf" value="/usr/share/maven/conf"/>
    <property name="jdk.debug" value="release"/>
    <property name="java.class.version" value="57.0"/>
    <property name="java.specification.name" value="Java Platform API Specification"/>
    <property name="sun.management.compiler" value="HotSpot 64-Bit Tiered Compilers"/>
    <property name="os.version" value="5.5.3-050503-generic"/>
    <property name="library.jansi.path" value="/usr/share/maven/lib/jansi-native"/>
    <property name="user.home" value="/home/cesarsv"/>
    <property name="user.timezone" value="Europe/Stockholm"/>
    <property name="file.encoding" value="UTF-8"/>
    <property name="java.specification.version" value="13"/>
    <property name="user.name" value="cesarsv"/>
    <property name="java.class.path" value="/usr/share/maven/boot/plexus-classworlds-2.x.jar"/>
    <property name="java.vm.specification.version" value="13"/>
    <property name="sun.arch.data.model" value="64"/>
    <property name="sun.java.command" value="org.codehaus.plexus.classworlds.launcher.Launcher package"/>
    <property name="java.home" value="/usr/lib/jvm/java-13-oracle"/>
    <property name="user.language" value="en"/>
    <property name="java.specification.vendor" value="Oracle Corporation"/>
    <property name="java.vm.info" value="mixed mode, sharing"/>
    <property name="java.version" value="13.0.2"/>
    <property name="securerandom.source" value="file:/dev/./urandom"/>
    <property name="java.vendor" value="Oracle Corporation"/>
    <property name="maven.home" value="/usr/share/maven"/>
    <property name="file.separator" value="/"/>
    <property name="java.version.date" value="2020-01-14"/>
    <property name="java.vendor.url.bug" value="https://bugreport.java.com/bugreport/"/>
    <property name="sun.io.unicode.encoding" value="UnicodeLittle"/>
    <property name="sun.cpu.endian" value="little"/>
  </properties>
  <testcase classname="com.google.gson.functional.PrimitiveTest" name="testDeserializeJsonArrayAsBigDecimal" time="0"/>
  <testcase classname="com.google.gson.functional.PrimitiveTest" name="testDeserializingBigIntegerAsLong" time="0"/>
  <testcase classname="com.google.gson.functional.PrimitiveTest" name="testLongAsStringDeserialization" time="0"/>
  <testcase classname="com.google.gson.functional.PrimitiveTest" name="testBigDecimalPreservePrecisionSerialization" time="0"/>
  <testcase classname="com.google.gson.functional.PrimitiveTest" name="testSmallValueForBigDecimalDeserialization" time="0"/>
  <testcase classname="com.google.gson.functional.PrimitiveTest" name="testFloatNaNSerializationNotSupportedByDefault" time="0"/>
  <testcase classname="com.google.gson.functional.PrimitiveTest" name="testDeserializeJsonArrayAsLongWrapper" time="0.001"/>
  <testcase classname="com.google.gson.functional.PrimitiveTest" name="testDeserializeJsonArrayAsShortWrapper" time="0"/>
  <testcase classname="com.google.gson.functional.PrimitiveTest" name="testDeserializeJsonObjectAsDoubleWrapper" time="0"/>
  <testcase classname="com.google.gson.functional.PrimitiveTest" name="testDeserializingBigDecimalAsFloat" time="0"/>
  <testcase classname="com.google.gson.functional.PrimitiveTest" name="testNumberDeserialization" time="0.001"/>
  <testcase classname="com.google.gson.functional.PrimitiveTest" name="testMoreSpecificSerialization" time="0"/>
  <testcase classname="com.google.gson.functional.PrimitiveTest" name="testUnquotedStringDeserializationFails" time="0"/>
  <testcase classname="com.google.gson.functional.PrimitiveTest" name="testDeserializingBigIntegerAsBigDecimal" time="0"/>
  <testcase classname="com.google.gson.functional.PrimitiveTest" name="testQuotedStringSerializationAndDeserialization" time="0"/>
  <testcase classname="com.google.gson.functional.PrimitiveTest" name="testDeserializingBigDecimalAsIntegerFails" time="0"/>
  <testcase classname="com.google.gson.functional.PrimitiveTest" name="testDeserializeJsonArrayAsBigInteger" time="0"/>
  <testcase classname="com.google.gson.functional.PrimitiveTest" name="testBigDecimalNaNDeserializationNotSupported" time="0"/>
  <testcase classname="com.google.gson.functional.PrimitiveTest" name="testDeserializingBigDecimalAsBigIntegerFails" time="0"/>
  <testcase classname="com.google.gson.functional.PrimitiveTest" name="testDeserializeJsonArrayAsFloatWrapper" time="0"/>
  <testcase classname="com.google.gson.functional.PrimitiveTest" name="testDeserializeJsonArrayAsInt" time="0"/>
  <testcase classname="com.google.gson.functional.PrimitiveTest" name="testReallyLongValuesDeserialization" time="0"/>
  <testcase classname="com.google.gson.functional.PrimitiveTest" name="testNegativeInfinityFloatSerializationNotSupportedByDefault" time="0"/>
  <testcase classname="com.google.gson.functional.PrimitiveTest" name="testBigDecimalInASingleElementArraySerialization" time="0"/>
  <testcase classname="com.google.gson.functional.PrimitiveTest" name="testNumberAsStringDeserialization" time="0"/>
  <testcase classname="com.google.gson.functional.PrimitiveTest" name="testDeserializeJsonObjectAsInteger" time="0"/>
  <testcase classname="com.google.gson.functional.PrimitiveTest" name="testDeserializingBigIntegerAsInteger" time="0.001"/>
  <testcase classname="com.google.gson.functional.PrimitiveTest" name="testSmallValueForBigIntegerDeserialization" time="0"/>
  <testcase classname="com.google.gson.functional.PrimitiveTest" name="testNegativeInfinityFloatDeserialization" time="0"/>
  <testcase classname="com.google.gson.functional.PrimitiveTest" name="testBadValueForBigIntegerDeserialization" time="0"/>
  <testcase classname="com.google.gson.functional.PrimitiveTest" name="testHtmlCharacterSerialization" time="0"/>
  <testcase classname="com.google.gson.functional.PrimitiveTest" name="testLargeDoubleDeserialization" time="0"/>
  <testcase classname="com.google.gson.functional.PrimitiveTest" name="testDoubleNaNSerializationNotSupportedByDefault" time="0"/>
  <testcase classname="com.google.gson.functional.PrimitiveTest" name="testPrimitiveBooleanAutoboxedInASingleElementArraySerialization" time="0.001"/>
  <testcase classname="com.google.gson.functional.PrimitiveTest" name="testDeserializeJsonObjectAsFloatPrimitive" time="0"/>
  <testcase classname="com.google.gson.functional.PrimitiveTest" name="testValueVeryCloseToZeroIsZero" time="0"/>
  <testcase classname="com.google.gson.functional.PrimitiveTest" name="testPrimitiveBooleanAutoboxedSerialization" time="0"/>
  <testcase classname="com.google.gson.functional.PrimitiveTest" name="testBigDecimalDeserialization" time="0"/>
  <testcase classname="com.google.gson.functional.PrimitiveTest" name="testPrimitiveLongAutoboxedDeserialization" time="0"/>
  <testcase classname="com.google.gson.functional.PrimitiveTest" name="testDoubleInfinitySerializationNotSupportedByDefault" time="0"/>
  <testcase classname="com.google.gson.functional.PrimitiveTest" name="testNegativeInfinityDeserialization" time="0"/>
  <testcase classname="com.google.gson.functional.PrimitiveTest" name="testSmallValueForBigIntegerSerialization" time="0.001"/>
  <testcase classname="com.google.gson.functional.PrimitiveTest" name="testNegativeInfinitySerializationNotSupportedByDefault" time="0"/>
  <testcase classname="com.google.gson.functional.PrimitiveTest" name="testBigDecimalNegativeInfinityDeserializationNotSupported" time="0"/>
  <testcase classname="com.google.gson.functional.PrimitiveTest" name="testDeserializeJsonArrayAsDoublePrimitive" time="0"/>
  <testcase classname="com.google.gson.functional.PrimitiveTest" name="testSmallValueForBigDecimalSerialization" time="0"/>
  <testcase classname="com.google.gson.functional.PrimitiveTest" name="testNumberSerialization" time="0"/>
  <testcase classname="com.google.gson.functional.PrimitiveTest" name="testBigDecimalAsStringRepresentationDeserialization" time="0"/>
  <testcase classname="com.google.gson.functional.PrimitiveTest" name="testDeserializeJsonArrayAsByteWrapper" time="0"/>
  <testcase classname="com.google.gson.functional.PrimitiveTest" name="testBigDecimalInfinityDeserializationNotSupported" time="0"/>
  <testcase classname="com.google.gson.functional.PrimitiveTest" name="testFloatNaNSerialization" time="0"/>
  <testcase classname="com.google.gson.functional.PrimitiveTest" name="testDeserializeJsonObjectAsBooleanPrimitive" time="0"/>
  <testcase classname="com.google.gson.functional.PrimitiveTest" name="testByteDeserialization" time="0.001"/>
  <testcase classname="com.google.gson.functional.PrimitiveTest" name="testPrimitiveIntegerAutoboxedDeserialization" time="0"/>
  <testcase classname="com.google.gson.functional.PrimitiveTest" name="testDeserializeJsonArrayAsBooleanWrapper" time="0"/>
  <testcase classname="com.google.gson.functional.PrimitiveTest" name="testDoubleNoFractAsStringRepresentationDeserialization" time="0"/>
  <testcase classname="com.google.gson.functional.PrimitiveTest" name="testDeserializingBigDecimalAsDouble" time="0"/>
  <testcase classname="com.google.gson.functional.PrimitiveTest" name="testBigIntegerDeserialization" time="0"/>
  <testcase classname="com.google.gson.functional.PrimitiveTest" name="testBigDecimalNoFractAsStringRepresentationDeserialization" time="0"/>
  <testcase classname="com.google.gson.functional.PrimitiveTest" name="testReallyLongValuesSerialization" time="0"/>
  <testcase classname="com.google.gson.functional.PrimitiveTest" name="testDeserializeJsonObjectAsBytePrimitive" time="0"/>
  <testcase classname="com.google.gson.functional.PrimitiveTest" name="testPrimitiveDoubleAutoboxedSerialization" time="0"/>
  <testcase classname="com.google.gson.functional.PrimitiveTest" name="testDeserializeJsonObjectAsBigDecimal" time="0.001"/>
  <testcase classname="com.google.gson.functional.PrimitiveTest" name="testNegativeInfinitySerialization" time="0"/>
  <testcase classname="com.google.gson.functional.PrimitiveTest" name="testFloatInfinitySerialization" time="0"/>
  <testcase classname="com.google.gson.functional.PrimitiveTest" name="testFloatNaNDeserialization" time="0"/>
  <testcase classname="com.google.gson.functional.PrimitiveTest" name="testDoubleNaNDeserialization" time="0"/>
  <testcase classname="com.google.gson.functional.PrimitiveTest" name="testBigIntegerInASingleElementArraySerialization" time="0"/>
  <testcase classname="com.google.gson.functional.PrimitiveTest" name="testPrimitiveDoubleAutoboxedDeserialization" time="0"/>
  <testcase classname="com.google.gson.functional.PrimitiveTest" name="testStringsAsBooleans" time="0.001"/>
  <testcase classname="com.google.gson.functional.PrimitiveTest" name="testBigIntegerSerialization" time="0"/>
  <testcase classname="com.google.gson.functional.PrimitiveTest" name="testDeserializingDecimalPointValueZeroSucceeds" time="0"/>
  <testcase classname="com.google.gson.functional.PrimitiveTest" name="testLongAsStringSerialization" time="0"/>
  <testcase classname="com.google.gson.functional.PrimitiveTest" name="testDoubleArrayDeserialization" time="0"/>
  <testcase classname="com.google.gson.functional.PrimitiveTest" name="testDeserializeJsonObjectAsBigInteger" time="0"/>
  <testcase classname="com.google.gson.functional.PrimitiveTest" name="testDeserializePrimitiveWrapperAsObjectField" time="0"/>
  <testcase classname="com.google.gson.functional.PrimitiveTest" name="testPrimitiveClassLiteral" time="0"/>
  <testcase classname="com.google.gson.functional.PrimitiveTest" name="testBigDecimalSerialization" time="0"/>
  <testcase classname="com.google.gson.functional.PrimitiveTest" name="testByteSerialization" time="0"/>
  <testcase classname="com.google.gson.functional.PrimitiveTest" name="testNegativeInfinityFloatSerialization" time="0"/>
  <testcase classname="com.google.gson.functional.PrimitiveTest" name="testPrimitiveIntegerAutoboxedSerialization" time="0"/>
  <testcase classname="com.google.gson.functional.PrimitiveTest" name="testShortSerialization" time="0.001"/>
  <testcase classname="com.google.gson.functional.PrimitiveTest" name="testPrimitiveIntegerAutoboxedInASingleElementArraySerialization" time="0"/>
  <testcase classname="com.google.gson.functional.PrimitiveTest" name="testFloatInfinitySerializationNotSupportedByDefault" time="0"/>
  <testcase classname="com.google.gson.functional.PrimitiveTest" name="testDoubleInfinityDeserialization" time="0"/>
  <testcase classname="com.google.gson.functional.PrimitiveTest" name="testBigDecimalPreservePrecisionDeserialization" time="0"/>
  <testcase classname="com.google.gson.functional.PrimitiveTest" name="testDeserializeJsonArrayAsNumber" time="0"/>
  <testcase classname="com.google.gson.functional.PrimitiveTest" name="testDoubleNaNSerialization" time="0"/>
  <testcase classname="com.google.gson.functional.PrimitiveTest" name="testBooleanDeserialization" time="0.001"/>
  <testcase classname="com.google.gson.functional.PrimitiveTest" name="testPrimitiveLongAutoboxedInASingleElementArraySerialization" time="0"/>
  <testcase classname="com.google.gson.functional.PrimitiveTest" name="testDeserializingNonZeroDecimalPointValuesAsIntegerFails" time="0"/>
  <testcase classname="com.google.gson.functional.PrimitiveTest" name="testFloatInfinityDeserialization" time="0.001"/>
  <testcase classname="com.google.gson.functional.PrimitiveTest" name="testDeserializeJsonObjectAsNumber" time="0"/>
  <testcase classname="com.google.gson.functional.PrimitiveTest" name="testDoubleInfinitySerialization" time="0.001"/>
  <testcase classname="com.google.gson.functional.PrimitiveTest" name="testPrimitiveDoubleAutoboxedInASingleElementArraySerialization" time="0.001"/>
  <testcase classname="com.google.gson.functional.PrimitiveTest" name="testDeserializeJsonObjectAsShortPrimitive" time="0"/>
  <testcase classname="com.google.gson.functional.PrimitiveTest" name="testPrimitiveLongAutoboxedSerialization" time="0"/>
  <testcase classname="com.google.gson.functional.PrimitiveTest" name="testDoubleAsStringRepresentationDeserialization" time="0"/>
  <testcase classname="com.google.gson.functional.PrimitiveTest" name="testDeserializeJsonObjectAsLongPrimitive" time="0"/>
</testsuite>