<?xml version="1.0" encoding="UTF-8" ?>
<testsuite tests="39" failures="0" name="com.google.gson.stream.JsonWriterTest" time="0.004" errors="0" skipped="0">
  <properties>
    <property name="java.runtime.name" value="Java(TM) SE Runtime Environment"/>
    <property name="java.vm.version" value="13.0.2+8"/>
    <property name="sun.boot.library.path" value="/usr/lib/jvm/java-13-oracle/lib"/>
    <property name="maven.multiModuleProjectDirectory" value="/home/cesarsv/Documents/papers/2020_papers/jdbl/jdbl-maven-plugin/src/it/gson"/>
    <property name="java.vm.vendor" value="Oracle Corporation"/>
    <property name="java.vendor.url" value="https://java.oracle.com/"/>
    <property name="guice.disable.misplaced.annotation.check" value="true"/>
    <property name="path.separator" value=":"/>
    <property name="java.vm.name" value="Java HotSpot(TM) 64-Bit Server VM"/>
    <property name="user.country" value="US"/>
    <property name="sun.java.launcher" value="SUN_STANDARD"/>
    <property name="java.vm.specification.name" value="Java Virtual Machine Specification"/>
    <property name="user.dir" value="/home/cesarsv/Documents/papers/2020_papers/jdbl/jdbl-maven-plugin/src/it/gson"/>
    <property name="java.vm.compressedOopsMode" value="Zero based"/>
    <property name="java.runtime.version" value="13.0.2+8"/>
    <property name="os.arch" value="amd64"/>
    <property name="java.io.tmpdir" value="/tmp"/>
    <property name="line.separator" value="
"/>
    <property name="java.vm.specification.vendor" value="Oracle Corporation"/>
    <property name="os.name" value="Linux"/>
    <property name="classworlds.conf" value="/usr/share/maven/bin/m2.conf"/>
    <property name="sun.jnu.encoding" value="UTF-8"/>
    <property name="java.library.path" value="/usr/java/packages/lib:/usr/lib64:/lib64:/lib:/usr/lib"/>
    <property name="maven.conf" value="/usr/share/maven/conf"/>
    <property name="jdk.debug" value="release"/>
    <property name="java.class.version" value="57.0"/>
    <property name="java.specification.name" value="Java Platform API Specification"/>
    <property name="sun.management.compiler" value="HotSpot 64-Bit Tiered Compilers"/>
    <property name="os.version" value="5.5.3-050503-generic"/>
    <property name="library.jansi.path" value="/usr/share/maven/lib/jansi-native"/>
    <property name="user.home" value="/home/cesarsv"/>
    <property name="user.timezone" value="Europe/Stockholm"/>
    <property name="file.encoding" value="UTF-8"/>
    <property name="java.specification.version" value="13"/>
    <property name="user.name" value="cesarsv"/>
    <property name="java.class.path" value="/usr/share/maven/boot/plexus-classworlds-2.x.jar"/>
    <property name="java.vm.specification.version" value="13"/>
    <property name="sun.arch.data.model" value="64"/>
    <property name="sun.java.command" value="org.codehaus.plexus.classworlds.launcher.Launcher package"/>
    <property name="java.home" value="/usr/lib/jvm/java-13-oracle"/>
    <property name="user.language" value="en"/>
    <property name="java.specification.vendor" value="Oracle Corporation"/>
    <property name="java.vm.info" value="mixed mode, sharing"/>
    <property name="java.version" value="13.0.2"/>
    <property name="securerandom.source" value="file:/dev/./urandom"/>
    <property name="java.vendor" value="Oracle Corporation"/>
    <property name="maven.home" value="/usr/share/maven"/>
    <property name="file.separator" value="/"/>
    <property name="java.version.date" value="2020-01-14"/>
    <property name="java.vendor.url.bug" value="https://bugreport.java.com/bugreport/"/>
    <property name="sun.io.unicode.encoding" value="UnicodeLittle"/>
    <property name="sun.cpu.endian" value="little"/>
  </properties>
  <testcase classname="com.google.gson.stream.JsonWriterTest" name="testEmptyArray" time="0"/>
  <testcase classname="com.google.gson.stream.JsonWriterTest" name="testTwoNames" time="0"/>
  <testcase classname="com.google.gson.stream.JsonWriterTest" name="testNameWithoutValue" time="0"/>
  <testcase classname="com.google.gson.stream.JsonWriterTest" name="testBooleans" time="0"/>
  <testcase classname="com.google.gson.stream.JsonWriterTest" name="testBoxedBooleans" time="0"/>
  <testcase classname="com.google.gson.stream.JsonWriterTest" name="testInvalidTopLevelTypes" time="0"/>
  <testcase classname="com.google.gson.stream.JsonWriterTest" name="testNullStringValue" time="0"/>
  <testcase classname="com.google.gson.stream.JsonWriterTest" name="testDeepNestingArrays" time="0"/>
  <testcase classname="com.google.gson.stream.JsonWriterTest" name="testLongs" time="0"/>
  <testcase classname="com.google.gson.stream.JsonWriterTest" name="testNulls" time="0"/>
  <testcase classname="com.google.gson.stream.JsonWriterTest" name="testNullName" time="0.001"/>
  <testcase classname="com.google.gson.stream.JsonWriterTest" name="testArraysInObjects" time="0"/>
  <testcase classname="com.google.gson.stream.JsonWriterTest" name="testNonFiniteDoublesWhenLenient" time="0"/>
  <testcase classname="com.google.gson.stream.JsonWriterTest" name="testRepeatedName" time="0"/>
  <testcase classname="com.google.gson.stream.JsonWriterTest" name="testTopLevelValueTypes" time="0"/>
  <testcase classname="com.google.gson.stream.JsonWriterTest" name="testClosedWriterThrowsOnStructure" time="0"/>
  <testcase classname="com.google.gson.stream.JsonWriterTest" name="testObjectsInArrays" time="0.001"/>
  <testcase classname="com.google.gson.stream.JsonWriterTest" name="testStrictWriterDoesNotPermitMultipleTopLevelValues" time="0"/>
  <testcase classname="com.google.gson.stream.JsonWriterTest" name="testJsonValue" time="0"/>
  <testcase classname="com.google.gson.stream.JsonWriterTest" name="testWriterCloseIsIdempotent" time="0"/>
  <testcase classname="com.google.gson.stream.JsonWriterTest" name="testLenientWriterPermitsMultipleTopLevelValues" time="0"/>
  <testcase classname="com.google.gson.stream.JsonWriterTest" name="testBadNestingObject" time="0"/>
  <testcase classname="com.google.gson.stream.JsonWriterTest" name="testPrettyPrintArray" time="0.001"/>
  <testcase classname="com.google.gson.stream.JsonWriterTest" name="testPrettyPrintObject" time="0"/>
  <testcase classname="com.google.gson.stream.JsonWriterTest" name="testValueWithoutName" time="0"/>
  <testcase classname="com.google.gson.stream.JsonWriterTest" name="testDeepNestingObjects" time="0"/>
  <testcase classname="com.google.gson.stream.JsonWriterTest" name="testEmptyObject" time="0"/>
  <testcase classname="com.google.gson.stream.JsonWriterTest" name="testBadNestingArray" time="0.001"/>
  <testcase classname="com.google.gson.stream.JsonWriterTest" name="testMultipleTopLevelValues" time="0"/>
  <testcase classname="com.google.gson.stream.JsonWriterTest" name="testNonFiniteDoubles" time="0"/>
  <testcase classname="com.google.gson.stream.JsonWriterTest" name="testNonFiniteBoxedDoubles" time="0"/>
  <testcase classname="com.google.gson.stream.JsonWriterTest" name="testClosedWriterThrowsOnFlush" time="0"/>
  <testcase classname="com.google.gson.stream.JsonWriterTest" name="testClosedWriterThrowsOnValue" time="0"/>
  <testcase classname="com.google.gson.stream.JsonWriterTest" name="testDoubles" time="0"/>
  <testcase classname="com.google.gson.stream.JsonWriterTest" name="testNonFiniteBoxedDoublesWhenLenient" time="0"/>
  <testcase classname="com.google.gson.stream.JsonWriterTest" name="testClosedWriterThrowsOnName" time="0"/>
  <testcase classname="com.google.gson.stream.JsonWriterTest" name="testNumbers" time="0"/>
  <testcase classname="com.google.gson.stream.JsonWriterTest" name="testStrings" time="0"/>
  <testcase classname="com.google.gson.stream.JsonWriterTest" name="testUnicodeLineBreaksEscaped" time="0"/>
</testsuite>