<?xml version="1.0" encoding="UTF-8" ?>
<testsuite tests="65" failures="0" name="com.google.gson.functional.DefaultTypeAdaptersTest" time="0.066" errors="0" skipped="0">
  <properties>
    <property name="java.runtime.name" value="Java(TM) SE Runtime Environment"/>
    <property name="java.vm.version" value="13.0.2+8"/>
    <property name="sun.boot.library.path" value="/usr/lib/jvm/java-13-oracle/lib"/>
    <property name="maven.multiModuleProjectDirectory" value="/home/cesarsv/Documents/papers/2020_papers/jdbl/jdbl-maven-plugin/src/it/gson"/>
    <property name="java.vm.vendor" value="Oracle Corporation"/>
    <property name="java.vendor.url" value="https://java.oracle.com/"/>
    <property name="guice.disable.misplaced.annotation.check" value="true"/>
    <property name="path.separator" value=":"/>
    <property name="java.vm.name" value="Java HotSpot(TM) 64-Bit Server VM"/>
    <property name="user.country" value="US"/>
    <property name="sun.java.launcher" value="SUN_STANDARD"/>
    <property name="java.vm.specification.name" value="Java Virtual Machine Specification"/>
    <property name="user.dir" value="/home/cesarsv/Documents/papers/2020_papers/jdbl/jdbl-maven-plugin/src/it/gson"/>
    <property name="java.vm.compressedOopsMode" value="Zero based"/>
    <property name="java.runtime.version" value="13.0.2+8"/>
    <property name="os.arch" value="amd64"/>
    <property name="java.io.tmpdir" value="/tmp"/>
    <property name="line.separator" value="
"/>
    <property name="java.vm.specification.vendor" value="Oracle Corporation"/>
    <property name="os.name" value="Linux"/>
    <property name="classworlds.conf" value="/usr/share/maven/bin/m2.conf"/>
    <property name="sun.jnu.encoding" value="UTF-8"/>
    <property name="java.library.path" value="/usr/java/packages/lib:/usr/lib64:/lib64:/lib:/usr/lib"/>
    <property name="maven.conf" value="/usr/share/maven/conf"/>
    <property name="jdk.debug" value="release"/>
    <property name="java.class.version" value="57.0"/>
    <property name="java.specification.name" value="Java Platform API Specification"/>
    <property name="sun.management.compiler" value="HotSpot 64-Bit Tiered Compilers"/>
    <property name="os.version" value="5.5.3-050503-generic"/>
    <property name="library.jansi.path" value="/usr/share/maven/lib/jansi-native"/>
    <property name="user.home" value="/home/cesarsv"/>
    <property name="user.timezone" value="Europe/Stockholm"/>
    <property name="file.encoding" value="UTF-8"/>
    <property name="java.specification.version" value="13"/>
    <property name="user.name" value="cesarsv"/>
    <property name="java.class.path" value="/usr/share/maven/boot/plexus-classworlds-2.x.jar"/>
    <property name="java.vm.specification.version" value="13"/>
    <property name="sun.arch.data.model" value="64"/>
    <property name="sun.java.command" value="org.codehaus.plexus.classworlds.launcher.Launcher package"/>
    <property name="java.home" value="/usr/lib/jvm/java-13-oracle"/>
    <property name="user.language" value="en"/>
    <property name="java.specification.vendor" value="Oracle Corporation"/>
    <property name="java.vm.info" value="mixed mode, sharing"/>
    <property name="java.version" value="13.0.2"/>
    <property name="securerandom.source" value="file:/dev/./urandom"/>
    <property name="java.vendor" value="Oracle Corporation"/>
    <property name="maven.home" value="/usr/share/maven"/>
    <property name="file.separator" value="/"/>
    <property name="java.version.date" value="2020-01-14"/>
    <property name="java.vendor.url.bug" value="https://bugreport.java.com/bugreport/"/>
    <property name="sun.io.unicode.encoding" value="UnicodeLittle"/>
    <property name="sun.cpu.endian" value="little"/>
  </properties>
  <testcase classname="com.google.gson.functional.DefaultTypeAdaptersTest" name="testDefaultDateDeserialization" time="0.04"/>
  <testcase classname="com.google.gson.functional.DefaultTypeAdaptersTest" name="testLocaleSerializationWithLanguageCountryVariant" time="0"/>
  <testcase classname="com.google.gson.functional.DefaultTypeAdaptersTest" name="testSqlDateSerialization" time="0.001"/>
  <testcase classname="com.google.gson.functional.DefaultTypeAdaptersTest" name="testUrlSerialization" time="0.003"/>
  <testcase classname="com.google.gson.functional.DefaultTypeAdaptersTest" name="testJsonObjectDeserialization" time="0"/>
  <testcase classname="com.google.gson.functional.DefaultTypeAdaptersTest" name="testBigIntegerFieldDeserialization" time="0.001"/>
  <testcase classname="com.google.gson.functional.DefaultTypeAdaptersTest" name="testBadValueForBigDecimalDeserialization" time="0.001"/>
  <testcase classname="com.google.gson.functional.DefaultTypeAdaptersTest" name="testJsonArraySerialization" time="0"/>
  <testcase classname="com.google.gson.functional.DefaultTypeAdaptersTest" name="testLocaleDeserializationWithLanguage" time="0"/>
  <testcase classname="com.google.gson.functional.DefaultTypeAdaptersTest" name="testDefaultJavaSqlTimeSerialization" time="0"/>
  <testcase classname="com.google.gson.functional.DefaultTypeAdaptersTest" name="testJsonPrimitiveSerialization" time="0"/>
  <testcase classname="com.google.gson.functional.DefaultTypeAdaptersTest" name="testStringBuilderDeserialization" time="0.001"/>
  <testcase classname="com.google.gson.functional.DefaultTypeAdaptersTest" name="testDateSerializationInCollection" time="0"/>
  <testcase classname="com.google.gson.functional.DefaultTypeAdaptersTest" name="testJsonArrayDeserialization" time="0.001"/>
  <testcase classname="com.google.gson.functional.DefaultTypeAdaptersTest" name="testTimestampSerialization" time="0"/>
  <testcase classname="com.google.gson.functional.DefaultTypeAdaptersTest" name="testStringBuilderSerialization" time="0"/>
  <testcase classname="com.google.gson.functional.DefaultTypeAdaptersTest" name="testUrlNullDeserialization" time="0.001"/>
  <testcase classname="com.google.gson.functional.DefaultTypeAdaptersTest" name="testUrlDeserialization" time="0"/>
  <testcase classname="com.google.gson.functional.DefaultTypeAdaptersTest" name="testJsonObjectSerialization" time="0"/>
  <testcase classname="com.google.gson.functional.DefaultTypeAdaptersTest" name="testDefaultJavaSqlTimestampDeserialization" time="0"/>
  <testcase classname="com.google.gson.functional.DefaultTypeAdaptersTest" name="testNullSerialization" time="0.002"/>
  <testcase classname="com.google.gson.functional.DefaultTypeAdaptersTest" name="testUuidDeserialization" time="0"/>
  <testcase classname="com.google.gson.functional.DefaultTypeAdaptersTest" name="testDefaultDateSerializationUsingBuilder" time="0.001"/>
  <testcase classname="com.google.gson.functional.DefaultTypeAdaptersTest" name="testBitSetSerialization" time="0"/>
  <testcase classname="com.google.gson.functional.DefaultTypeAdaptersTest" name="testDefaultJavaSqlTimestampSerialization" time="0"/>
  <testcase classname="com.google.gson.functional.DefaultTypeAdaptersTest" name="testDefaultDateSerialization" time="0.001"/>
  <testcase classname="com.google.gson.functional.DefaultTypeAdaptersTest" name="testTreeSetSerialization" time="0"/>
  <testcase classname="com.google.gson.functional.DefaultTypeAdaptersTest" name="testBigDecimalFieldDeserialization" time="0.001"/>
  <testcase classname="com.google.gson.functional.DefaultTypeAdaptersTest" name="testUriSerialization" time="0"/>
  <testcase classname="com.google.gson.functional.DefaultTypeAdaptersTest" name="testLocaleDeserializationWithLanguageCountryVariant" time="0"/>
  <testcase classname="com.google.gson.functional.DefaultTypeAdaptersTest" name="testUuidSerialization" time="0"/>
  <testcase classname="com.google.gson.functional.DefaultTypeAdaptersTest" name="testLocaleSerializationWithLanguage" time="0"/>
  <testcase classname="com.google.gson.functional.DefaultTypeAdaptersTest" name="testStringBufferDeserialization" time="0.001"/>
  <testcase classname="com.google.gson.functional.DefaultTypeAdaptersTest" name="testDefaultGregorianCalendarSerialization" time="0"/>
  <testcase classname="com.google.gson.functional.DefaultTypeAdaptersTest" name="testLocaleDeserializationWithLanguageCountry" time="0"/>
  <testcase classname="com.google.gson.functional.DefaultTypeAdaptersTest" name="testJsonElementTypeMismatch" time="0.001"/>
  <testcase classname="com.google.gson.functional.DefaultTypeAdaptersTest" name="testBigDecimalFieldSerialization" time="0"/>
  <testcase classname="com.google.gson.functional.DefaultTypeAdaptersTest" name="testOverrideBigIntegerTypeAdapter" time="0.001"/>
  <testcase classname="com.google.gson.functional.DefaultTypeAdaptersTest" name="testDefaultCalendarSerialization" time="0"/>
  <testcase classname="com.google.gson.functional.DefaultTypeAdaptersTest" name="testBitSetDeserialization" time="0"/>
  <testcase classname="com.google.gson.functional.DefaultTypeAdaptersTest" name="testJsonNullDeserialization" time="0"/>
  <testcase classname="com.google.gson.functional.DefaultTypeAdaptersTest" name="testDefaultJavaSqlDateSerialization" time="0"/>
  <testcase classname="com.google.gson.functional.DefaultTypeAdaptersTest" name="testTreeSetDeserialization" time="0"/>
  <testcase classname="com.google.gson.functional.DefaultTypeAdaptersTest" name="testUriDeserialization" time="0"/>
  <testcase classname="com.google.gson.functional.DefaultTypeAdaptersTest" name="testOverrideBigDecimalTypeAdapter" time="0.001"/>
  <testcase classname="com.google.gson.functional.DefaultTypeAdaptersTest" name="testPropertiesDeserialization" time="0"/>
  <testcase classname="com.google.gson.functional.DefaultTypeAdaptersTest" name="testJsonNullSerialization" time="0"/>
  <testcase classname="com.google.gson.functional.DefaultTypeAdaptersTest" name="testPropertiesSerialization" time="0"/>
  <testcase classname="com.google.gson.functional.DefaultTypeAdaptersTest" name="testClassDeserialization" time="0.001"/>
  <testcase classname="com.google.gson.functional.DefaultTypeAdaptersTest" name="testDateSerializationWithPattern" time="0"/>
  <testcase classname="com.google.gson.functional.DefaultTypeAdaptersTest" name="testSetSerialization" time="0"/>
  <testcase classname="com.google.gson.functional.DefaultTypeAdaptersTest" name="testDefaultJavaSqlTimeDeserialization" time="0.001"/>
  <testcase classname="com.google.gson.functional.DefaultTypeAdaptersTest" name="testUrlNullSerialization" time="0"/>
  <testcase classname="com.google.gson.functional.DefaultTypeAdaptersTest" name="testDateDeserializationWithPattern" time="0"/>
  <testcase classname="com.google.gson.functional.DefaultTypeAdaptersTest" name="testLocaleSerializationWithLanguageCountry" time="0"/>
  <testcase classname="com.google.gson.functional.DefaultTypeAdaptersTest" name="testDefaultDateDeserializationUsingBuilder" time="0.004"/>
  <testcase classname="com.google.gson.functional.DefaultTypeAdaptersTest" name="testClassSerialization" time="0.001"/>
  <testcase classname="com.google.gson.functional.DefaultTypeAdaptersTest" name="testBigIntegerFieldSerialization" time="0"/>
  <testcase classname="com.google.gson.functional.DefaultTypeAdaptersTest" name="testDefaultCalendarDeserialization" time="0"/>
  <testcase classname="com.google.gson.functional.DefaultTypeAdaptersTest" name="testDefaultGregorianCalendarDeserialization" time="0"/>
  <testcase classname="com.google.gson.functional.DefaultTypeAdaptersTest" name="testDateSerializationWithPatternNotOverridenByTypeAdapter" time="0.001"/>
  <testcase classname="com.google.gson.functional.DefaultTypeAdaptersTest" name="testNullJsonElementSerialization" time="0"/>
  <testcase classname="com.google.gson.functional.DefaultTypeAdaptersTest" name="testJsonPrimitiveDeserialization" time="0"/>
  <testcase classname="com.google.gson.functional.DefaultTypeAdaptersTest" name="testStringBufferSerialization" time="0"/>
  <testcase classname="com.google.gson.functional.DefaultTypeAdaptersTest" name="testDefaultJavaSqlDateDeserialization" time="0"/>
</testsuite>