<?xml version="1.0" encoding="UTF-8" ?>
<testsuite tests="48" failures="0" name="com.google.gson.functional.MapTest" time="0.039" errors="0" skipped="0">
  <properties>
    <property name="java.runtime.name" value="Java(TM) SE Runtime Environment"/>
    <property name="java.vm.version" value="13.0.2+8"/>
    <property name="sun.boot.library.path" value="/usr/lib/jvm/java-13-oracle/lib"/>
    <property name="maven.multiModuleProjectDirectory" value="/home/cesarsv/Documents/papers/2020_papers/jdbl/jdbl-maven-plugin/src/it/gson"/>
    <property name="java.vm.vendor" value="Oracle Corporation"/>
    <property name="java.vendor.url" value="https://java.oracle.com/"/>
    <property name="guice.disable.misplaced.annotation.check" value="true"/>
    <property name="path.separator" value=":"/>
    <property name="java.vm.name" value="Java HotSpot(TM) 64-Bit Server VM"/>
    <property name="user.country" value="US"/>
    <property name="sun.java.launcher" value="SUN_STANDARD"/>
    <property name="java.vm.specification.name" value="Java Virtual Machine Specification"/>
    <property name="user.dir" value="/home/cesarsv/Documents/papers/2020_papers/jdbl/jdbl-maven-plugin/src/it/gson"/>
    <property name="java.vm.compressedOopsMode" value="Zero based"/>
    <property name="java.runtime.version" value="13.0.2+8"/>
    <property name="os.arch" value="amd64"/>
    <property name="java.io.tmpdir" value="/tmp"/>
    <property name="line.separator" value="
"/>
    <property name="java.vm.specification.vendor" value="Oracle Corporation"/>
    <property name="os.name" value="Linux"/>
    <property name="classworlds.conf" value="/usr/share/maven/bin/m2.conf"/>
    <property name="sun.jnu.encoding" value="UTF-8"/>
    <property name="java.library.path" value="/usr/java/packages/lib:/usr/lib64:/lib64:/lib:/usr/lib"/>
    <property name="maven.conf" value="/usr/share/maven/conf"/>
    <property name="jdk.debug" value="release"/>
    <property name="java.class.version" value="57.0"/>
    <property name="java.specification.name" value="Java Platform API Specification"/>
    <property name="sun.management.compiler" value="HotSpot 64-Bit Tiered Compilers"/>
    <property name="os.version" value="5.5.3-050503-generic"/>
    <property name="library.jansi.path" value="/usr/share/maven/lib/jansi-native"/>
    <property name="user.home" value="/home/cesarsv"/>
    <property name="user.timezone" value="Europe/Stockholm"/>
    <property name="file.encoding" value="UTF-8"/>
    <property name="java.specification.version" value="13"/>
    <property name="user.name" value="cesarsv"/>
    <property name="java.class.path" value="/usr/share/maven/boot/plexus-classworlds-2.x.jar"/>
    <property name="java.vm.specification.version" value="13"/>
    <property name="sun.arch.data.model" value="64"/>
    <property name="sun.java.command" value="org.codehaus.plexus.classworlds.launcher.Launcher package"/>
    <property name="java.home" value="/usr/lib/jvm/java-13-oracle"/>
    <property name="user.language" value="en"/>
    <property name="java.specification.vendor" value="Oracle Corporation"/>
    <property name="java.vm.info" value="mixed mode, sharing"/>
    <property name="java.version" value="13.0.2"/>
    <property name="securerandom.source" value="file:/dev/./urandom"/>
    <property name="java.vendor" value="Oracle Corporation"/>
    <property name="maven.home" value="/usr/share/maven"/>
    <property name="file.separator" value="/"/>
    <property name="java.version.date" value="2020-01-14"/>
    <property name="java.vendor.url.bug" value="https://bugreport.java.com/bugreport/"/>
    <property name="sun.io.unicode.encoding" value="UnicodeLittle"/>
    <property name="sun.cpu.endian" value="little"/>
  </properties>
  <testcase classname="com.google.gson.functional.MapTest" name="testMapDeserializationEmpty" time="0.002"/>
  <testcase classname="com.google.gson.functional.MapTest" name="testCustomSerializerForSpecificMapType" time="0.002"/>
  <testcase classname="com.google.gson.functional.MapTest" name="testMapSubclassDeserialization" time="0.006"/>
  <testcase classname="com.google.gson.functional.MapTest" name="testHashMapDeserialization" time="0.001"/>
  <testcase classname="com.google.gson.functional.MapTest" name="testMapDeserializationWithNullKey" time="0.001"/>
  <testcase classname="com.google.gson.functional.MapTest" name="testMapSubclassSerialization" time="0.001"/>
  <testcase classname="com.google.gson.functional.MapTest" name="testSerializeMaps" time="0"/>
  <testcase classname="com.google.gson.functional.MapTest" name="testMapDeserializationWithWildcardValues" time="0.001"/>
  <testcase classname="com.google.gson.functional.MapTest" name="testReadMapsWithEmptyStringKey" time="0.001"/>
  <testcase classname="com.google.gson.functional.MapTest" name="testMapSerializationWithIntegerKeys" time="0"/>
  <testcase classname="com.google.gson.functional.MapTest" name="testMapDeserializationWithDuplicateKeys" time="0.001"/>
  <testcase classname="com.google.gson.functional.MapTest" name="testParameterizedMapSubclassSerialization" time="0.001"/>
  <testcase classname="com.google.gson.functional.MapTest" name="testConcurrentMap" time="0.001"/>
  <testcase classname="com.google.gson.functional.MapTest" name="testMapDeserialization" time="0"/>
  <testcase classname="com.google.gson.functional.MapTest" name="testMapDeserializationWithUnquotedLongKeys" time="0.001"/>
  <testcase classname="com.google.gson.functional.MapTest" name="testMapSerializationWithNullValuesSerialized" time="0"/>
  <testcase classname="com.google.gson.functional.MapTest" name="testConcurrentHashMap" time="0"/>
  <testcase classname="com.google.gson.functional.MapTest" name="testMapStandardSubclassDeserialization" time="0.001"/>
  <testcase classname="com.google.gson.functional.MapTest" name="testMapDeserializationWithLongKeys" time="0"/>
  <testcase classname="com.google.gson.functional.MapTest" name="testBooleanKeyDeserialization" time="0.001"/>
  <testcase classname="com.google.gson.functional.MapTest" name="testDeerializeMapOfMaps" time="0"/>
  <testcase classname="com.google.gson.functional.MapTest" name="testMapDeserializationWithIntegerKeys" time="0.001"/>
  <testcase classname="com.google.gson.functional.MapTest" name="testMapWithQuotes" time="0"/>
  <testcase classname="com.google.gson.functional.MapTest" name="testConcurrentNavigableMap" time="0.002"/>
  <testcase classname="com.google.gson.functional.MapTest" name="testMapOfMapSerialization" time="0"/>
  <testcase classname="com.google.gson.functional.MapTest" name="testMapSerialization" time="0"/>
  <testcase classname="com.google.gson.functional.MapTest" name="testMapOfMapDeserialization" time="0.001"/>
  <testcase classname="com.google.gson.functional.MapTest" name="testComplexKeysDeserialization" time="0.001"/>
  <testcase classname="com.google.gson.functional.MapTest" name="testMapSerializationWithNullValue" time="0.001"/>
  <testcase classname="com.google.gson.functional.MapTest" name="testWriteMapsWithEmptyStringKey" time="0"/>
  <testcase classname="com.google.gson.functional.MapTest" name="testSortedMap" time="0.001"/>
  <testcase classname="com.google.gson.functional.MapTest" name="testInterfaceTypeMap" time="0.001"/>
  <testcase classname="com.google.gson.functional.MapTest" name="testMapSerializationWithWildcardValues" time="0.001"/>
  <testcase classname="com.google.gson.functional.MapTest" name="testMapSerializationWithNullValues" time="0"/>
  <testcase classname="com.google.gson.functional.MapTest" name="testConcurrentSkipListMap" time="0.001"/>
  <testcase classname="com.google.gson.functional.MapTest" name="testGeneralMapField" time="0.001"/>
  <testcase classname="com.google.gson.functional.MapTest" name="testMapSerializationWithNullValueButSerializeNulls" time="0.001"/>
  <testcase classname="com.google.gson.functional.MapTest" name="testRawMapSerialization" time="0"/>
  <testcase classname="com.google.gson.functional.MapTest" name="testMapDeserializationWithNullValue" time="0.001"/>
  <testcase classname="com.google.gson.functional.MapTest" name="testComplexKeysSerialization" time="0.001"/>
  <testcase classname="com.google.gson.functional.MapTest" name="testMapSerializationEmpty" time="0"/>
  <testcase classname="com.google.gson.functional.MapTest" name="testStringKeyDeserialization" time="0.001"/>
  <testcase classname="com.google.gson.functional.MapTest" name="testSerializeMapOfMaps" time="0"/>
  <testcase classname="com.google.gson.functional.MapTest" name="testMapDeserializationWithUnquotedIntegerKeys" time="0.001"/>
  <testcase classname="com.google.gson.functional.MapTest" name="testMapNamePromotionWithJsonElementReader" time="0"/>
  <testcase classname="com.google.gson.functional.MapTest" name="testNumberKeyDeserialization" time="0.001"/>
  <testcase classname="com.google.gson.functional.MapTest" name="testMapSerializationWithNullKey" time="0"/>
  <testcase classname="com.google.gson.functional.MapTest" name="testInterfaceTypeMapWithSerializer" time="0.001"/>
</testsuite>