<?xml version="1.0" encoding="UTF-8" ?>
<testsuite tests="44" failures="0" name="com.google.gson.functional.ObjectTest" time="0.02" errors="0" skipped="0">
  <properties>
    <property name="java.runtime.name" value="Java(TM) SE Runtime Environment"/>
    <property name="java.vm.version" value="13.0.2+8"/>
    <property name="sun.boot.library.path" value="/usr/lib/jvm/java-13-oracle/lib"/>
    <property name="maven.multiModuleProjectDirectory" value="/home/cesarsv/Documents/papers/2020_papers/jdbl/jdbl-maven-plugin/src/it/gson"/>
    <property name="java.vm.vendor" value="Oracle Corporation"/>
    <property name="java.vendor.url" value="https://java.oracle.com/"/>
    <property name="guice.disable.misplaced.annotation.check" value="true"/>
    <property name="path.separator" value=":"/>
    <property name="java.vm.name" value="Java HotSpot(TM) 64-Bit Server VM"/>
    <property name="user.country" value="US"/>
    <property name="sun.java.launcher" value="SUN_STANDARD"/>
    <property name="java.vm.specification.name" value="Java Virtual Machine Specification"/>
    <property name="user.dir" value="/home/cesarsv/Documents/papers/2020_papers/jdbl/jdbl-maven-plugin/src/it/gson"/>
    <property name="java.vm.compressedOopsMode" value="Zero based"/>
    <property name="java.runtime.version" value="13.0.2+8"/>
    <property name="os.arch" value="amd64"/>
    <property name="java.io.tmpdir" value="/tmp"/>
    <property name="line.separator" value="
"/>
    <property name="java.vm.specification.vendor" value="Oracle Corporation"/>
    <property name="os.name" value="Linux"/>
    <property name="classworlds.conf" value="/usr/share/maven/bin/m2.conf"/>
    <property name="sun.jnu.encoding" value="UTF-8"/>
    <property name="java.library.path" value="/usr/java/packages/lib:/usr/lib64:/lib64:/lib:/usr/lib"/>
    <property name="maven.conf" value="/usr/share/maven/conf"/>
    <property name="jdk.debug" value="release"/>
    <property name="java.class.version" value="57.0"/>
    <property name="java.specification.name" value="Java Platform API Specification"/>
    <property name="sun.management.compiler" value="HotSpot 64-Bit Tiered Compilers"/>
    <property name="os.version" value="5.5.3-050503-generic"/>
    <property name="library.jansi.path" value="/usr/share/maven/lib/jansi-native"/>
    <property name="user.home" value="/home/cesarsv"/>
    <property name="user.timezone" value="Europe/Stockholm"/>
    <property name="file.encoding" value="UTF-8"/>
    <property name="java.specification.version" value="13"/>
    <property name="user.name" value="cesarsv"/>
    <property name="java.class.path" value="/usr/share/maven/boot/plexus-classworlds-2.x.jar"/>
    <property name="java.vm.specification.version" value="13"/>
    <property name="sun.arch.data.model" value="64"/>
    <property name="sun.java.command" value="org.codehaus.plexus.classworlds.launcher.Launcher package"/>
    <property name="java.home" value="/usr/lib/jvm/java-13-oracle"/>
    <property name="user.language" value="en"/>
    <property name="java.specification.vendor" value="Oracle Corporation"/>
    <property name="java.vm.info" value="mixed mode, sharing"/>
    <property name="java.version" value="13.0.2"/>
    <property name="securerandom.source" value="file:/dev/./urandom"/>
    <property name="java.vendor" value="Oracle Corporation"/>
    <property name="maven.home" value="/usr/share/maven"/>
    <property name="file.separator" value="/"/>
    <property name="java.version.date" value="2020-01-14"/>
    <property name="java.vendor.url.bug" value="https://bugreport.java.com/bugreport/"/>
    <property name="sun.io.unicode.encoding" value="UnicodeLittle"/>
    <property name="sun.cpu.endian" value="little"/>
  </properties>
  <testcase classname="com.google.gson.functional.ObjectTest" name="testClassWithTransientFieldsSerialization" time="0.001"/>
  <testcase classname="com.google.gson.functional.ObjectTest" name="testSingletonLists" time="0.003"/>
  <testcase classname="com.google.gson.functional.ObjectTest" name="testPrimitiveArrayInAnObjectDeserialization" time="0"/>
  <testcase classname="com.google.gson.functional.ObjectTest" name="testStringFieldWithEmptyValueDeserialization" time="0.001"/>
  <testcase classname="com.google.gson.functional.ObjectTest" name="testArrayOfArraysSerialization" time="0.002"/>
  <testcase classname="com.google.gson.functional.ObjectTest" name="testClassWithTransientFieldsDeserializationTransientFieldsPassedInJsonAreIgnored" time="0"/>
  <testcase classname="com.google.gson.functional.ObjectTest" name="testArrayOfObjectsDeserialization" time="0"/>
  <testcase classname="com.google.gson.functional.ObjectTest" name="testClassWithObjectFieldSerialization" time="0"/>
  <testcase classname="com.google.gson.functional.ObjectTest" name="testNullPrimitiveFieldsDeserialization" time="0"/>
  <testcase classname="com.google.gson.functional.ObjectTest" name="testPrivateNoArgConstructorDeserialization" time="0"/>
  <testcase classname="com.google.gson.functional.ObjectTest" name="testStringFieldWithEmptyValueSerialization" time="0"/>
  <testcase classname="com.google.gson.functional.ObjectTest" name="testJsonObjectSerialization" time="0"/>
  <testcase classname="com.google.gson.functional.ObjectTest" name="testBagOfPrimitiveWrappersDeserialization" time="0.002"/>
  <testcase classname="com.google.gson.functional.ObjectTest" name="testTruncatedDeserialization" time="0.001"/>
  <testcase classname="com.google.gson.functional.ObjectTest" name="testInnerClassSerialization" time="0.002"/>
  <testcase classname="com.google.gson.functional.ObjectTest" name="testBagOfPrimitivesDeserialization" time="0"/>
  <testcase classname="com.google.gson.functional.ObjectTest" name="testNullSerialization" time="0"/>
  <testcase classname="com.google.gson.functional.ObjectTest" name="testArrayOfObjectsAsFields" time="0.001"/>
  <testcase classname="com.google.gson.functional.ObjectTest" name="testEmptyStringDeserialization" time="0"/>
  <testcase classname="com.google.gson.functional.ObjectTest" name="testNullArraysDeserialization" time="0"/>
  <testcase classname="com.google.gson.functional.ObjectTest" name="testAnonymousLocalClassesSerialization" time="0.001"/>
  <testcase classname="com.google.gson.functional.ObjectTest" name="testClassWithTransientFieldsDeserialization" time="0"/>
  <testcase classname="com.google.gson.functional.ObjectTest" name="testAnonymousLocalClassesCustomSerialization" time="0.001"/>
  <testcase classname="com.google.gson.functional.ObjectTest" name="testArrayOfObjectsSerialization" time="0"/>
  <testcase classname="com.google.gson.functional.ObjectTest" name="testJsonInMixedQuotesDeserialization" time="0"/>
  <testcase classname="com.google.gson.functional.ObjectTest" name="testPrimitiveArrayFieldSerialization" time="0"/>
  <testcase classname="com.google.gson.functional.ObjectTest" name="testNestedSerialization" time="0.001"/>
  <testcase classname="com.google.gson.functional.ObjectTest" name="testClassWithNoFieldsSerialization" time="0"/>
  <testcase classname="com.google.gson.functional.ObjectTest" name="testObjectFieldNamesWithoutQuotesDeserialization" time="0"/>
  <testcase classname="com.google.gson.functional.ObjectTest" name="testEmptyCollectionInAnObjectSerialization" time="0.001"/>
  <testcase classname="com.google.gson.functional.ObjectTest" name="testStringFieldWithNumberValueDeserialization" time="0"/>
  <testcase classname="com.google.gson.functional.ObjectTest" name="testJsonInSingleQuotesDeserialization" time="0"/>
  <testcase classname="com.google.gson.functional.ObjectTest" name="testClassWithNoFieldsDeserialization" time="0"/>
  <testcase classname="com.google.gson.functional.ObjectTest" name="testNullDeserialization" time="0"/>
  <testcase classname="com.google.gson.functional.ObjectTest" name="testNullFieldsSerialization" time="0"/>
  <testcase classname="com.google.gson.functional.ObjectTest" name="testArrayOfArraysDeserialization" time="0.001"/>
  <testcase classname="com.google.gson.functional.ObjectTest" name="testBagOfPrimitiveWrappersSerialization" time="0"/>
  <testcase classname="com.google.gson.functional.ObjectTest" name="testDateAsMapObjectField" time="0.001"/>
  <testcase classname="com.google.gson.functional.ObjectTest" name="testNullFieldsDeserialization" time="0"/>
  <testcase classname="com.google.gson.functional.ObjectTest" name="testBagOfPrimitivesSerialization" time="0"/>
  <testcase classname="com.google.gson.functional.ObjectTest" name="testEmptyCollectionInAnObjectDeserialization" time="0"/>
  <testcase classname="com.google.gson.functional.ObjectTest" name="testNullObjectFieldsDeserialization" time="0"/>
  <testcase classname="com.google.gson.functional.ObjectTest" name="testNestedDeserialization" time="0.001"/>
  <testcase classname="com.google.gson.functional.ObjectTest" name="testInnerClassDeserialization" time="0"/>
</testsuite>