<?xml version="1.0" encoding="UTF-8" ?>
<testsuite tests="9" failures="0" name="org.apache.commons.cli.OptionBuilderTest" time="0.005" errors="0" skipped="0">
  <properties>
    <property name="java.runtime.name" value="OpenJDK Runtime Environment"/>
    <property name="java.vm.version" value="11.0.6+10-post-Ubuntu-1ubuntu119.10.1"/>
    <property name="sun.boot.library.path" value="/usr/lib/jvm/java-11-openjdk-amd64/lib"/>
    <property name="java.vm.vendor" value="Ubuntu"/>
    <property name="java.vendor.url" value="https://ubuntu.com/"/>
    <property name="path.separator" value=":"/>
    <property name="java.vm.name" value="OpenJDK 64-Bit Server VM"/>
    <property name="sun.os.patch.level" value="unknown"/>
    <property name="user.country" value="US"/>
    <property name="sun.java.launcher" value="SUN_STANDARD"/>
    <property name="java.vm.specification.name" value="Java Virtual Machine Specification"/>
    <property name="user.dir" value="/home/cesarsv/IdeaProjects/jdbl/jdbl-maven-plugin/src/it/commons-cli"/>
    <property name="java.vm.compressedOopsMode" value="Zero based"/>
    <property name="java.runtime.version" value="11.0.6+10-post-Ubuntu-1ubuntu119.10.1"/>
    <property name="java.awt.graphicsenv" value="sun.awt.X11GraphicsEnvironment"/>
    <property name="basedir" value="/home/cesarsv/IdeaProjects/jdbl/jdbl-maven-plugin/src/it/commons-cli"/>
    <property name="os.arch" value="amd64"/>
    <property name="surefire.real.class.path" value="/tmp/surefirebooter6235119338792190647.jar"/>
    <property name="java.io.tmpdir" value="/tmp"/>
    <property name="line.separator" value="
"/>
    <property name="java.vm.specification.vendor" value="Oracle Corporation"/>
    <property name="os.name" value="Linux"/>
    <property name="sun.jnu.encoding" value="UTF-8"/>
    <property name="java.library.path" value="/usr/java/packages/lib:/usr/lib/x86_64-linux-gnu/jni:/lib/x86_64-linux-gnu:/usr/lib/x86_64-linux-gnu:/usr/lib/jni:/lib:/usr/lib"/>
    <property name="surefire.test.class.path" value="/home/cesarsv/IdeaProjects/jdbl/jdbl-maven-plugin/src/it/commons-cli/target/test-classes:/home/cesarsv/IdeaProjects/jdbl/jdbl-maven-plugin/src/it/commons-cli/target/classes:/home/cesarsv/.m2/repository/junit/junit/3.8.1/junit-3.8.1.jar:"/>
    <property name="jdk.debug" value="release"/>
    <property name="java.class.version" value="55.0"/>
    <property name="java.specification.name" value="Java Platform API Specification"/>
    <property name="sun.management.compiler" value="HotSpot 64-Bit Tiered Compilers"/>
    <property name="os.version" value="5.3.0-40-generic"/>
    <property name="user.home" value="/home/cesarsv"/>
    <property name="user.timezone" value=""/>
    <property name="java.awt.printerjob" value="sun.print.PSPrinterJob"/>
    <property name="file.encoding" value="UTF-8"/>
    <property name="java.specification.version" value="11"/>
    <property name="user.name" value="cesarsv"/>
    <property name="java.class.path" value="/home/cesarsv/IdeaProjects/jdbl/jdbl-maven-plugin/src/it/commons-cli/target/test-classes:/home/cesarsv/IdeaProjects/jdbl/jdbl-maven-plugin/src/it/commons-cli/target/classes:/home/cesarsv/.m2/repository/junit/junit/3.8.1/junit-3.8.1.jar:"/>
    <property name="java.vm.specification.version" value="11"/>
    <property name="sun.arch.data.model" value="64"/>
    <property name="sun.java.command" value="/tmp/surefirebooter6235119338792190647.jar /tmp/surefire7148211906192373025tmp /tmp/surefire16515894145758172130tmp"/>
    <property name="java.home" value="/usr/lib/jvm/java-11-openjdk-amd64"/>
    <property name="user.language" value="en"/>
    <property name="java.specification.vendor" value="Oracle Corporation"/>
    <property name="awt.toolkit" value="sun.awt.X11.XToolkit"/>
    <property name="java.vm.info" value="mixed mode"/>
    <property name="java.version" value="11.0.6"/>
    <property name="java.vendor" value="Ubuntu"/>
    <property name="localRepository" value="/home/cesarsv/.m2/repository"/>
    <property name="file.separator" value="/"/>
    <property name="java.version.date" value="2020-01-14"/>
    <property name="java.vendor.url.bug" value="https://bugs.launchpad.net/ubuntu/+source/openjdk-lts"/>
    <property name="sun.io.unicode.encoding" value="UnicodeLittle"/>
    <property name="sun.cpu.endian" value="little"/>
    <property name="sun.desktop" value="gnome"/>
    <property name="sun.cpu.isalist" value=""/>
  </properties>
  <testcase classname="org.apache.commons.cli.OptionBuilderTest" name="testCompleteOption" time="0"/>
  <testcase classname="org.apache.commons.cli.OptionBuilderTest" name="testTwoCompleteOptions" time="0"/>
  <testcase classname="org.apache.commons.cli.OptionBuilderTest" name="testBaseOptionCharOpt" time="0.001"/>
  <testcase classname="org.apache.commons.cli.OptionBuilderTest" name="testBaseOptionStringOpt" time="0"/>
  <testcase classname="org.apache.commons.cli.OptionBuilderTest" name="testSpecialOptChars" time="0"/>
  <testcase classname="org.apache.commons.cli.OptionBuilderTest" name="testOptionArgNumbers" time="0"/>
  <testcase classname="org.apache.commons.cli.OptionBuilderTest" name="testIllegalOptions" time="0"/>
  <testcase classname="org.apache.commons.cli.OptionBuilderTest" name="testCreateIncompleteOption" time="0"/>
  <testcase classname="org.apache.commons.cli.OptionBuilderTest" name="testBuilderIsResettedAlways" time="0"/>
</testsuite>