<?xml version="1.0" encoding="UTF-8" ?>
<testsuite tests="19" failures="0" name="org.apache.commons.cli.BasicParserTest" time="0.005" errors="0" skipped="0">
  <properties>
    <property name="java.runtime.name" value="OpenJDK Runtime Environment"/>
    <property name="java.vm.version" value="14+36-1461"/>
    <property name="sun.boot.library.path" value="/home/cesarsv/.jdks/openjdk-14/lib"/>
    <property name="java.vm.vendor" value="Oracle Corporation"/>
    <property name="java.vendor.url" value="https://java.oracle.com/"/>
    <property name="path.separator" value=":"/>
    <property name="java.vm.name" value="OpenJDK 64-Bit Server VM"/>
    <property name="user.country" value="US"/>
    <property name="sun.java.launcher" value="SUN_STANDARD"/>
    <property name="java.vm.specification.name" value="Java Virtual Machine Specification"/>
    <property name="user.dir" value="/home/cesarsv/Documents/codes/github/jdbl/jdbl-maven-plugin/src/it/commons-cli"/>
    <property name="java.vm.compressedOopsMode" value="Zero based"/>
    <property name="java.runtime.version" value="14+36-1461"/>
    <property name="basedir" value="/home/cesarsv/Documents/codes/github/jdbl/jdbl-maven-plugin/src/it/commons-cli"/>
    <property name="os.arch" value="amd64"/>
    <property name="surefire.real.class.path" value="/tmp/surefirebooter16399799701279030575.jar"/>
    <property name="java.io.tmpdir" value="/tmp"/>
    <property name="line.separator" value="
"/>
    <property name="java.vm.specification.vendor" value="Oracle Corporation"/>
    <property name="os.name" value="Linux"/>
    <property name="sun.jnu.encoding" value="UTF-8"/>
    <property name="java.library.path" value="/usr/java/packages/lib:/usr/lib64:/lib64:/lib:/usr/lib"/>
    <property name="surefire.test.class.path" value="/home/cesarsv/Documents/codes/github/jdbl/jdbl-maven-plugin/src/it/commons-cli/target/test-classes:/home/cesarsv/Documents/codes/github/jdbl/jdbl-maven-plugin/src/it/commons-cli/target/classes:/home/cesarsv/.m2/repository/junit/junit/3.8.1/junit-3.8.1.jar:"/>
    <property name="jdk.debug" value="release"/>
    <property name="java.class.version" value="58.0"/>
    <property name="java.specification.name" value="Java Platform API Specification"/>
    <property name="sun.management.compiler" value="HotSpot 64-Bit Tiered Compilers"/>
    <property name="os.version" value="5.3.0-46-generic"/>
    <property name="user.home" value="/home/cesarsv"/>
    <property name="file.encoding" value="UTF-8"/>
    <property name="java.specification.version" value="14"/>
    <property name="user.name" value="cesarsv"/>
    <property name="java.class.path" value="/home/cesarsv/Documents/codes/github/jdbl/jdbl-maven-plugin/src/it/commons-cli/target/test-classes:/home/cesarsv/Documents/codes/github/jdbl/jdbl-maven-plugin/src/it/commons-cli/target/classes:/home/cesarsv/.m2/repository/junit/junit/3.8.1/junit-3.8.1.jar:"/>
    <property name="java.vm.specification.version" value="14"/>
    <property name="sun.arch.data.model" value="64"/>
    <property name="sun.java.command" value="/tmp/surefirebooter16399799701279030575.jar /tmp/surefire5575933435365609295tmp /tmp/surefire5834784241237849326tmp"/>
    <property name="java.home" value="/home/cesarsv/.jdks/openjdk-14"/>
    <property name="user.language" value="en"/>
    <property name="java.specification.vendor" value="Oracle Corporation"/>
    <property name="java.vm.info" value="mixed mode, sharing"/>
    <property name="java.version" value="14"/>
    <property name="java.vendor" value="Oracle Corporation"/>
    <property name="localRepository" value="/home/cesarsv/.m2/repository"/>
    <property name="file.separator" value="/"/>
    <property name="java.version.date" value="2020-03-17"/>
    <property name="java.vendor.url.bug" value="https://bugreport.java.com/bugreport/"/>
    <property name="sun.io.unicode.encoding" value="UnicodeLittle"/>
    <property name="sun.cpu.endian" value="little"/>
  </properties>
  <testcase classname="org.apache.commons.cli.BasicParserTest" name="testShortWithoutEqual" time="0"/>
  <testcase classname="org.apache.commons.cli.BasicParserTest" name="testLongWithEqual" time="0"/>
  <testcase classname="org.apache.commons.cli.BasicParserTest" name="testPropertiesOption" time="0.001"/>
  <testcase classname="org.apache.commons.cli.BasicParserTest" name="testLongWithEqualSingleDash" time="0"/>
  <testcase classname="org.apache.commons.cli.BasicParserTest" name="testShortWithEqual" time="0"/>
  <testcase classname="org.apache.commons.cli.BasicParserTest" name="testSimpleShort" time="0"/>
  <testcase classname="org.apache.commons.cli.BasicParserTest" name="testSimpleLong" time="0"/>
  <testcase classname="org.apache.commons.cli.BasicParserTest" name="testMultiple" time="0"/>
  <testcase classname="org.apache.commons.cli.BasicParserTest" name="testMultipleWithLong" time="0"/>
  <testcase classname="org.apache.commons.cli.BasicParserTest" name="testUnrecognizedOption" time="0"/>
  <testcase classname="org.apache.commons.cli.BasicParserTest" name="testMissingArg" time="0"/>
  <testcase classname="org.apache.commons.cli.BasicParserTest" name="testDoubleDash" time="0"/>
  <testcase classname="org.apache.commons.cli.BasicParserTest" name="testSingleDash" time="0"/>
  <testcase classname="org.apache.commons.cli.BasicParserTest" name="testStopAtUnexpectedArg" time="0"/>
  <testcase classname="org.apache.commons.cli.BasicParserTest" name="testStopAtExpectedArg" time="0"/>
  <testcase classname="org.apache.commons.cli.BasicParserTest" name="testStopAtNonOptionShort" time="0.001"/>
  <testcase classname="org.apache.commons.cli.BasicParserTest" name="testStopAtNonOptionLong" time="0"/>
  <testcase classname="org.apache.commons.cli.BasicParserTest" name="testNegativeArgument" time="0"/>
  <testcase classname="org.apache.commons.cli.BasicParserTest" name="testArgumentStartingWithHyphen" time="0"/>
</testsuite>
